<?xml version="1.0" encoding="UTF-8"?>
<testsuite name="CodeQualityTests" tests="1" skipped="0" failures="1" errors="0" timestamp="2023-05-06T16:04:30" hostname="DESKTOP-994A7AH" time="0.09">
  <properties/>
  <testcase name="codeQuality()" classname="CodeQualityTests" time="0.09">
    <failure message="org.opentest4j.AssertionFailedError: Max amount (5) of quality issues exceeded:5 ==&gt; expected: &lt;true&gt; but was: &lt;false&gt;" type="org.opentest4j.AssertionFailedError">org.opentest4j.AssertionFailedError: Max amount (5) of quality issues exceeded:5 ==&gt; expected: &lt;true&gt; but was: &lt;false&gt;
	at app//org.junit.jupiter.api.AssertionUtils.fail(AssertionUtils.java:55)
	at app//org.junit.jupiter.api.AssertTrue.assertTrue(AssertTrue.java:40)
	at app//org.junit.jupiter.api.Assertions.assertTrue(Assertions.java:193)
	at app//CodeQualityTests.codeQuality(CodeQualityTests.java:69)
	at java.base@17.0.4.1/jdk.internal.reflect.NativeMethodAccessorImpl.invoke0(Native Method)
	at java.base@17.0.4.1/jdk.internal.reflect.NativeMethodAccessorImpl.invoke(NativeMethodAccessorImpl.java:77)
	at java.base@17.0.4.1/jdk.internal.reflect.DelegatingMethodAccessorImpl.invoke(DelegatingMethodAccessorImpl.java:43)
	at java.base@17.0.4.1/java.lang.reflect.Method.invoke(Method.java:568)
	at app//org.junit.platform.commons.util.ReflectionUtils.invokeMethod(ReflectionUtils.java:688)
	at app//org.junit.jupiter.engine.execution.MethodInvocation.proceed(MethodInvocation.java:60)
	at app//org.junit.jupiter.engine.execution.InvocationInterceptorChain$ValidatingInvocation.proceed(InvocationInterceptorChain.java:131)
	at app//org.junit.jupiter.engine.extension.TimeoutExtension.intercept(TimeoutExtension.java:149)
	at app//org.junit.jupiter.engine.extension.TimeoutExtension.interceptTestableMethod(TimeoutExtension.java:140)
	at app//org.junit.jupiter.engine.extension.TimeoutExtension.interceptTestMethod(TimeoutExtension.java:84)
	at app//org.junit.jupiter.engine.execution.ExecutableInvoker$ReflectiveInterceptorCall.lambda$ofVoidMethod$0(ExecutableInvoker.java:115)
	at app//org.junit.jupiter.engine.execution.ExecutableInvoker.lambda$invoke$0(ExecutableInvoker.java:105)
	at app//org.junit.jupiter.engine.execution.InvocationInterceptorChain$InterceptedInvocation.proceed(InvocationInterceptorChain.java:106)
	at app//org.junit.jupiter.engine.execution.InvocationInterceptorChain.proceed(InvocationInterceptorChain.java:64)
	at app//org.junit.jupiter.engine.execution.InvocationInterceptorChain.chainAndInvoke(InvocationInterceptorChain.java:45)
	at app//org.junit.jupiter.engine.execution.InvocationInterceptorChain.invoke(InvocationInterceptorChain.java:37)
	at app//org.junit.jupiter.engine.execution.ExecutableInvoker.invoke(ExecutableInvoker.java:104)
	at app//org.junit.jupiter.engine.execution.ExecutableInvoker.invoke(ExecutableInvoker.java:98)
	at app//org.junit.jupiter.engine.descriptor.TestMethodTestDescriptor.lambda$invokeTestMethod$6(TestMethodTestDescriptor.java:210)
	at app//org.junit.platform.engine.support.hierarchical.ThrowableCollector.execute(ThrowableCollector.java:73)
	at app//org.junit.jupiter.engine.descriptor.TestMethodTestDescriptor.invokeTestMethod(TestMethodTestDescriptor.java:206)
	at app//org.junit.jupiter.engine.descriptor.TestMethodTestDescriptor.execute(TestMethodTestDescriptor.java:131)
	at app//org.junit.jupiter.engine.descriptor.TestMethodTestDescriptor.execute(TestMethodTestDescriptor.java:65)
	at app//org.junit.platform.engine.support.hierarchical.NodeTestTask.lambda$executeRecursively$5(NodeTestTask.java:139)
	at app//org.junit.platform.engine.support.hierarchical.ThrowableCollector.execute(ThrowableCollector.java:73)
	at app//org.junit.platform.engine.support.hierarchical.NodeTestTask.lambda$executeRecursively$7(NodeTestTask.java:129)
	at app//org.junit.platform.engine.support.hierarchical.Node.around(Node.java:137)
	at app//org.junit.platform.engine.support.hierarchical.NodeTestTask.lambda$executeRecursively$8(NodeTestTask.java:127)
	at app//org.junit.platform.engine.support.hierarchical.ThrowableCollector.execute(ThrowableCollector.java:73)
	at app//org.junit.platform.engine.support.hierarchical.NodeTestTask.executeRecursively(NodeTestTask.java:126)
	at app//org.junit.platform.engine.support.hierarchical.NodeTestTask.execute(NodeTestTask.java:84)
	at java.base@17.0.4.1/java.util.ArrayList.forEach(ArrayList.java:1511)
	at app//org.junit.platform.engine.support.hierarchical.SameThreadHierarchicalTestExecutorService.invokeAll(SameThreadHierarchicalTestExecutorService.java:38)
	at app//org.junit.platform.engine.support.hierarchical.NodeTestTask.lambda$executeRecursively$5(NodeTestTask.java:143)
	at app//org.junit.platform.engine.support.hierarchical.ThrowableCollector.execute(ThrowableCollector.java:73)
	at app//org.junit.platform.engine.support.hierarchical.NodeTestTask.lambda$executeRecursively$7(NodeTestTask.java:129)
	at app//org.junit.platform.engine.support.hierarchical.Node.around(Node.java:137)
	at app//org.junit.platform.engine.support.hierarchical.NodeTestTask.lambda$executeRecursively$8(NodeTestTask.java:127)
	at app//org.junit.platform.engine.support.hierarchical.ThrowableCollector.execute(ThrowableCollector.java:73)
	at app//org.junit.platform.engine.support.hierarchical.NodeTestTask.executeRecursively(NodeTestTask.java:126)
	at app//org.junit.platform.engine.support.hierarchical.NodeTestTask.execute(NodeTestTask.java:84)
	at java.base@17.0.4.1/java.util.ArrayList.forEach(ArrayList.java:1511)
	at app//org.junit.platform.engine.support.hierarchical.SameThreadHierarchicalTestExecutorService.invokeAll(SameThreadHierarchicalTestExecutorService.java:38)
	at app//org.junit.platform.engine.support.hierarchical.NodeTestTask.lambda$executeRecursively$5(NodeTestTask.java:143)
	at app//org.junit.platform.engine.support.hierarchical.ThrowableCollector.execute(ThrowableCollector.java:73)
	at app//org.junit.platform.engine.support.hierarchical.NodeTestTask.lambda$executeRecursively$7(NodeTestTask.java:129)
	at app//org.junit.platform.engine.support.hierarchical.Node.around(Node.java:137)
	at app//org.junit.platform.engine.support.hierarchical.NodeTestTask.lambda$executeRecursively$8(NodeTestTask.java:127)
	at app//org.junit.platform.engine.support.hierarchical.ThrowableCollector.execute(ThrowableCollector.java:73)
	at app//org.junit.platform.engine.support.hierarchical.NodeTestTask.executeRecursively(NodeTestTask.java:126)
	at app//org.junit.platform.engine.support.hierarchical.NodeTestTask.execute(NodeTestTask.java:84)
	at app//org.junit.platform.engine.support.hierarchical.SameThreadHierarchicalTestExecutorService.submit(SameThreadHierarchicalTestExecutorService.java:32)
	at app//org.junit.platform.engine.support.hierarchical.HierarchicalTestExecutor.execute(HierarchicalTestExecutor.java:57)
	at app//org.junit.platform.engine.support.hierarchical.HierarchicalTestEngine.execute(HierarchicalTestEngine.java:51)
	at org.junit.platform.launcher.core.EngineExecutionOrchestrator.execute(EngineExecutionOrchestrator.java:107)
	at org.junit.platform.launcher.core.EngineExecutionOrchestrator.execute(EngineExecutionOrchestrator.java:88)
	at org.junit.platform.launcher.core.EngineExecutionOrchestrator.lambda$execute$0(EngineExecutionOrchestrator.java:54)
	at org.junit.platform.launcher.core.EngineExecutionOrchestrator.withInterceptedStreams(EngineExecutionOrchestrator.java:67)
	at org.junit.platform.launcher.core.EngineExecutionOrchestrator.execute(EngineExecutionOrchestrator.java:52)
	at org.junit.platform.launcher.core.DefaultLauncher.execute(DefaultLauncher.java:114)
	at org.junit.platform.launcher.core.DefaultLauncher.execute(DefaultLauncher.java:86)
	at org.junit.platform.launcher.core.DefaultLauncherSession$DelegatingLauncher.execute(DefaultLauncherSession.java:86)
	at org.junit.platform.launcher.core.SessionPerRequestLauncher.execute(SessionPerRequestLauncher.java:53)
	at org.gradle.api.internal.tasks.testing.junitplatform.JUnitPlatformTestClassProcessor$CollectAllTestClassesExecutor.processAllTestClasses(JUnitPlatformTestClassProcessor.java:99)
	at org.gradle.api.internal.tasks.testing.junitplatform.JUnitPlatformTestClassProcessor$CollectAllTestClassesExecutor.access$000(JUnitPlatformTestClassProcessor.java:79)
	at org.gradle.api.internal.tasks.testing.junitplatform.JUnitPlatformTestClassProcessor.stop(JUnitPlatformTestClassProcessor.java:75)
	at org.gradle.api.internal.tasks.testing.SuiteTestClassProcessor.stop(SuiteTestClassProcessor.java:61)
	at java.base@17.0.4.1/jdk.internal.reflect.NativeMethodAccessorImpl.invoke0(Native Method)
	at java.base@17.0.4.1/jdk.internal.reflect.NativeMethodAccessorImpl.invoke(NativeMethodAccessorImpl.java:77)
	at java.base@17.0.4.1/jdk.internal.reflect.DelegatingMethodAccessorImpl.invoke(DelegatingMethodAccessorImpl.java:43)
	at java.base@17.0.4.1/java.lang.reflect.Method.invoke(Method.java:568)
	at org.gradle.internal.dispatch.ReflectionDispatch.dispatch(ReflectionDispatch.java:36)
	at org.gradle.internal.dispatch.ReflectionDispatch.dispatch(ReflectionDispatch.java:24)
	at org.gradle.internal.dispatch.ContextClassLoaderDispatch.dispatch(ContextClassLoaderDispatch.java:33)
	at org.gradle.internal.dispatch.ProxyDispatchAdapter$DispatchingInvocationHandler.invoke(ProxyDispatchAdapter.java:94)
	at jdk.proxy1/jdk.proxy1.$Proxy2.stop(Unknown Source)
	at org.gradle.api.internal.tasks.testing.worker.TestWorker$3.run(TestWorker.java:193)
	at org.gradle.api.internal.tasks.testing.worker.TestWorker.executeAndMaintainThreadName(TestWorker.java:129)
	at org.gradle.api.internal.tasks.testing.worker.TestWorker.execute(TestWorker.java:100)
	at org.gradle.api.internal.tasks.testing.worker.TestWorker.execute(TestWorker.java:60)
	at org.gradle.process.internal.worker.child.ActionExecutionWorker.execute(ActionExecutionWorker.java:56)
	at org.gradle.process.internal.worker.child.SystemApplicationClassLoaderWorker.call(SystemApplicationClassLoaderWorker.java:133)
	at org.gradle.process.internal.worker.child.SystemApplicationClassLoaderWorker.call(SystemApplicationClassLoaderWorker.java:71)
	at app//worker.org.gradle.process.internal.worker.GradleWorkerMain.run(GradleWorkerMain.java:69)
	at app//worker.org.gradle.process.internal.worker.GradleWorkerMain.main(GradleWorkerMain.java:74)
</failure>
  </testcase>
  <system-out><![CDATA[0 CheckStyle Issues in C:/Users/lindg/visual studio/1dv607/a2/app/src/main/java/controller/App.java
0 CheckStyle Issues in C:/Users/lindg/visual studio/1dv607/a2/app/src/main/java/controller/ItemMenu.java
1 CheckStyle Issues in C:/Users/lindg/visual studio/1dv607/a2/app/src/main/java/controller/MainMenu.java
text:line: 38 column: column:5 
'MemberManager' has incorrect indentation level 4, expected level should be 6.

0 CheckStyle Issues in C:/Users/lindg/visual studio/1dv607/a2/app/src/main/java/controller/MemberMenu.java
0 CheckStyle Issues in C:/Users/lindg/visual studio/1dv607/a2/app/src/main/java/model/domain/Contract.java
0 CheckStyle Issues in C:/Users/lindg/visual studio/1dv607/a2/app/src/main/java/model/domain/ContractManager.java
0 CheckStyle Issues in C:/Users/lindg/visual studio/1dv607/a2/app/src/main/java/model/domain/Game.java
0 CheckStyle Issues in C:/Users/lindg/visual studio/1dv607/a2/app/src/main/java/model/domain/Item.java
0 CheckStyle Issues in C:/Users/lindg/visual studio/1dv607/a2/app/src/main/java/model/domain/ItemManager.java
0 CheckStyle Issues in C:/Users/lindg/visual studio/1dv607/a2/app/src/main/java/model/domain/LoanedObserver.java
0 CheckStyle Issues in C:/Users/lindg/visual studio/1dv607/a2/app/src/main/java/model/domain/LoanedSubscriber.java
0 CheckStyle Issues in C:/Users/lindg/visual studio/1dv607/a2/app/src/main/java/model/domain/Member.java
0 CheckStyle Issues in C:/Users/lindg/visual studio/1dv607/a2/app/src/main/java/model/domain/MemberManager.java
1 CheckStyle Issues in C:/Users/lindg/visual studio/1dv607/a2/app/src/main/java/model/domain/NameSearchStrategy.java
text:line: 18 column: column:3 
'METHOD_DEF' should be separated from previous statement.

0 CheckStyle Issues in C:/Users/lindg/visual studio/1dv607/a2/app/src/main/java/model/domain/Other.java
1 CheckStyle Issues in C:/Users/lindg/visual studio/1dv607/a2/app/src/main/java/model/domain/PriceSearchStrategy.java
text:line: 18 column: column:3 
'METHOD_DEF' should be separated from previous statement.

0 CheckStyle Issues in C:/Users/lindg/visual studio/1dv607/a2/app/src/main/java/model/domain/SearchStrategy.java
0 CheckStyle Issues in C:/Users/lindg/visual studio/1dv607/a2/app/src/main/java/model/domain/Sport.java
0 CheckStyle Issues in C:/Users/lindg/visual studio/1dv607/a2/app/src/main/java/model/domain/Time.java
0 CheckStyle Issues in C:/Users/lindg/visual studio/1dv607/a2/app/src/main/java/model/domain/Tools.java
0 CheckStyle Issues in C:/Users/lindg/visual studio/1dv607/a2/app/src/main/java/model/domain/Toy.java
0 CheckStyle Issues in C:/Users/lindg/visual studio/1dv607/a2/app/src/main/java/model/domain/Vehicle.java
0 CheckStyle Issues in C:/Users/lindg/visual studio/1dv607/a2/app/src/main/java/model/persistence/FileManager.java
0 CheckStyle Issues in C:/Users/lindg/visual studio/1dv607/a2/app/src/main/java/view/ContractChoices.java
0 CheckStyle Issues in C:/Users/lindg/visual studio/1dv607/a2/app/src/main/java/view/ItemChoices.java
0 CheckStyle Issues in C:/Users/lindg/visual studio/1dv607/a2/app/src/main/java/view/MemberChoices.java
0 CheckStyle Issues in C:/Users/lindg/visual studio/1dv607/a2/app/src/main/java/view/MenuChoices.java
0 FindBugs Issues in model/domain/Item.java
0 FindBugs Issues in model/domain/ItemManager.java
0 FindBugs Issues in view/ItemChoices.java
0 FindBugs Issues in model/domain/Tools.java
0 FindBugs Issues in model/persistence/FileManager.java
0 FindBugs Issues in model/domain/LoanedObserver.java
0 FindBugs Issues in view/MenuChoices.java
1 FindBugs Issues in model/domain/NameSearchStrategy.java
text:lines: 9-30 
getNameList(MemberManager) may expose internal representation by returning 
  NameSearchStrategy.searchNameList 
May expose internal representation by returning reference to mutable object 
Returning a reference to a mutable object value stored in one of the object's fields exposes the 
  internal representation of the object. If instances are accessed by untrusted code, and unchecked 
  changes to the mutable object would compromise security or other important properties, you will 
  need to do something different. Returning a new copy of the object is better approach in many 
  situations.

0 FindBugs Issues in model/domain/SearchStrategy.java
0 FindBugs Issues in model/domain/Sport.java
0 FindBugs Issues in view/ContractChoices.java
0 FindBugs Issues in controller/App.java
0 FindBugs Issues in controller/MemberMenu.java
0 FindBugs Issues in model/domain/Contract.java
0 FindBugs Issues in controller/MainMenu.java
1 FindBugs Issues in model/domain/PriceSearchStrategy.java
text:lines: 9-31 
getPriceList(MemberManager) may expose internal representation by returning 
  PriceSearchStrategy.itemPrices 
May expose internal representation by returning reference to mutable object 
Returning a reference to a mutable object value stored in one of the object's fields exposes the 
  internal representation of the object. If instances are accessed by untrusted code, and unchecked 
  changes to the mutable object would compromise security or other important properties, you will 
  need to do something different. Returning a new copy of the object is better approach in many 
  situations.

0 FindBugs Issues in model/domain/Other.java
0 FindBugs Issues in model/domain/MemberManager.java
0 FindBugs Issues in model/domain/LoanedSubscriber.java
0 FindBugs Issues in model/domain/ContractManager.java
0 FindBugs Issues in model/domain/Member.java
0 FindBugs Issues in model/domain/Time.java
0 FindBugs Issues in controller/ItemMenu.java
0 FindBugs Issues in model/domain/Game.java
0 FindBugs Issues in model/domain/Toy.java
0 FindBugs Issues in model/domain/Vehicle.java
0 FindBugs Issues in view/MemberChoices.java
]]></system-out>
  <system-err><![CDATA[Findbugs xml file not found: .\build\reports\spotbugs\spotbugs.xml
Consider making code change to initiate regeneration of the xml (will try backup)
Restored xml from backup: .\build\reports\spotbugs\spotbugs_bak.xml
]]></system-err>
</testsuite>
